player 3 score 157043
player 1 score 61427
player 2 score 61427
player 4 score 61427

player 1 score 138593
player 3 score 125889
player 2 score 42585
player 4 score 42585

player 1 score 131097
player 3 score 118745
player 2 score 56145
player 4 score 38465

player 1 score 113793
player 3 score 102305
player 4 score 73097
player 2 score 45033

player 1 score 141120
player 3 score 94128
player 4 score 66216
player 2 score 39560

player 1 score 133000
player 3 score 115536
player 4 score 60652
player 2 score 35260

player 1 score 115104
player 4 score 101556
player 3 score 98800
player 2 score 27740

