
    equal   pythagorean
  264.0000   264.0000
  279.6983
  296.3300
  313.9507   316.8000
  332.6192   330.0000
  352.3977   352.0000
  373.3524
  395.5531   396.0000
  419.0739   422.4000
  443.9933   440.0000
  470.3945
  498.3656
  528.0000   528.0000

    equal   pythagorean
  440.0000   440.0000
  466.1638
  493.8833
  523.2511   528.0000
  554.3653   550.0000
  587.3295   586.6667
  622.2540
  659.2551   660.0000
  698.4565   704.0000
  739.9888   733.3333
  783.9909
  830.6094
  880.0000   880.0000
